<?xml version="1.0" encoding="UTF-8"?>
<testng-results ignored="0" total="2" passed="2" failed="0" skipped="0">
  <reporter-output>
  </reporter-output>
  <suite started-at="2024-01-21T10:50:31 IST" name="Default suite" finished-at="2024-01-21T10:51:01 IST" duration-ms="30064">
    <groups>
      <group name="cucumber">
        <method signature="AbstractTestNGCucumberTests.runScenario(io.cucumber.testng.PickleWrapper,io.cucumber.testng.FeatureWrapper)[pri:0, instance:runner.TestRunner@451001e5]" name="runScenario" class="io.cucumber.testng.AbstractTestNGCucumberTests"/>
      </group> <!-- cucumber -->
    </groups>
    <test started-at="2024-01-21T10:50:31 IST" name="Default test" finished-at="2024-01-21T10:51:01 IST" duration-ms="30064">
      <class name="runner.TestRunner">
        <test-method is-config="true" signature="setUpClass(org.testng.ITestContext)[pri:0, instance:runner.TestRunner@451001e5]" started-at="2024-01-21T10:50:31 IST" name="setUpClass" finished-at="2024-01-21T10:50:32 IST" duration-ms="583" status="PASS">
          <params>
            <param index="0">
              <value>
                <![CDATA[org.testng.TestRunner@1c98b4eb]]>
              </value>
            </param>
          </params>
          <reporter-output>
          </reporter-output>
        </test-method> <!-- setUpClass -->
        <test-method signature="runScenario(io.cucumber.testng.PickleWrapper,io.cucumber.testng.FeatureWrapper)[pri:0, instance:runner.TestRunner@451001e5]" started-at="2024-01-21T10:50:32 IST" name="runScenario" description="Runs Cucumber Scenarios" data-provider="scenarios" finished-at="2024-01-21T10:50:47 IST" duration-ms="14829" status="PASS">
          <params>
            <param index="0">
              <value>
                <![CDATA["Login, Search"]]>
              </value>
            </param>
            <param index="1">
              <value>
                <![CDATA["Test the Search Functionality"]]>
              </value>
            </param>
          </params>
          <reporter-output>
          </reporter-output>
        </test-method> <!-- runScenario -->
        <test-method signature="runScenario(io.cucumber.testng.PickleWrapper,io.cucumber.testng.FeatureWrapper)[pri:0, instance:runner.TestRunner@451001e5]" started-at="2024-01-21T10:50:47 IST" name="runScenario" description="Runs Cucumber Scenarios" data-provider="scenarios" finished-at="2024-01-21T10:51:01 IST" duration-ms="14306" status="PASS">
          <params>
            <param index="0">
              <value>
                <![CDATA["Login, Search"]]>
              </value>
            </param>
            <param index="1">
              <value>
                <![CDATA["Test the Search Functionality"]]>
              </value>
            </param>
          </params>
          <reporter-output>
          </reporter-output>
        </test-method> <!-- runScenario -->
        <test-method is-config="true" signature="tearDownClass()[pri:0, instance:runner.TestRunner@451001e5]" started-at="2024-01-21T10:51:01 IST" name="tearDownClass" finished-at="2024-01-21T10:51:01 IST" duration-ms="286" status="PASS">
          <reporter-output>
          </reporter-output>
        </test-method> <!-- tearDownClass -->
      </class> <!-- runner.TestRunner -->
    </test> <!-- Default test -->
  </suite> <!-- Default suite -->
</testng-results>
